<?xml version="1.0" encoding="UTF-8"?>
<!-- Generated by org.testng.reporters.JUnitReportReporter -->
<testsuite hostname="MYSHEC98372L" name="gittest.AppTest" tests="1" failures="0" timestamp="20 Apr 2017 06:08:41 GMT" time="23.558" errors="0">
  <testcase name="test" time="23.558" classname="gittest.AppTest"/>
</testsuite> <!-- gittest.AppTest -->
