<?xml version="1.0" encoding="UTF-8"?>
<!-- Generated by org.testng.reporters.JUnitReportReporter -->
<testsuite hostname="MYSHEC98372L" name="gittest.AppTest" tests="1" failures="0" timestamp="24 May 2017 12:46:41 GMT" time="27.366" errors="0">
  <testcase name="test" time="27.366" classname="gittest.AppTest"/>
</testsuite> <!-- gittest.AppTest -->
